app/build/outputs/logs/manifest-merger-debug-report.txt
-- Merging decision tree log ---
manifest
ADDED from src\main\AndroidManifest.xml:1:1-19:12
	package
		ADDED from src\main\AndroidManifest.xml:3:5-45
		INJECTED from src\main\AndroidManifest.xml
		INJECTED from src\main\AndroidManifest.xml
	android:versionName
		INJECTED from src\main\AndroidManifest.xml
		INJECTED from src\main\AndroidManifest.xml
	xmlns:android
		ADDED from src\main\AndroidManifest.xml:2:5-63
	android:versionCode
		INJECTED from src\main\AndroidManifest.xml
		INJECTED from src\main\AndroidManifest.xml
application
ADDED from src\main\AndroidManifest.xml:4:3-18:17
	android:label
		ADDED from src\main\AndroidManifest.xml:5:7-39
	android:icon
		ADDED from src\main\AndroidManifest.xml:6:7-41
activity#com.android.hello.world.master.MainActivity
ADDED from src\main\AndroidManifest.xml:8:7-17:16
	android:label
		ADDED from src\main\AndroidManifest.xml:10:11-43
	android:theme
		ADDED from src\main\AndroidManifest.xml:11:11-42
	android:name
		ADDED from src\main\AndroidManifest.xml:9:11-39
intent-filter#android.intent.action.MAIN+android.intent.category.LAUNCHER
ADDED from src\main\AndroidManifest.xml:13:7-16:23
action#android.intent.action.MAIN
ADDED from src\main\AndroidManifest.xml:14:9-60
	android:name
		ADDED from src\main\AndroidManifest.xml:14:17-58
category#android.intent.category.LAUNCHER
ADDED from src\main\AndroidManifest.xml:15:9-68
	android:name
		ADDED from src\main\AndroidManifest.xml:15:19-66
uses-sdk
INJECTED from src\main\AndroidManifest.xml reason: use-sdk injection requested
	android:targetSdkVersion
		INJECTED from src\main\AndroidManifest.xml
		INJECTED from src\main\AndroidManifest.xml
	android:minSdkVersion
		INJECTED from src\main\AndroidManifest.xml
		INJECTED from src\main\AndroidManifest.xml